2015/10/14 02:41:52 [error] [exception.CException] exception 'CException' with message 'CAssetManager.basePath "/Applications/XAMPP/xamppfiles/htdocs/smadia/assets" es inválido. Asegúrese que el directorio exista y tenga permisos de escritura por el proceso que corre el servidor Web.' in /Applications/XAMPP/xamppfiles/htdocs/yii/framework/web/CAssetManager.php:138
Stack trace:
#0 /Applications/XAMPP/xamppfiles/htdocs/yii/framework/web/CAssetManager.php(123): CAssetManager->setBasePath('/Applications/X...')
#1 /Applications/XAMPP/xamppfiles/htdocs/yii/framework/web/CAssetManager.php(217): CAssetManager->getBasePath()
#2 /Applications/XAMPP/xamppfiles/htdocs/yii/framework/web/CClientScript.php(511): CAssetManager->publish('/Applications/X...')
#3 /Applications/XAMPP/xamppfiles/htdocs/yii/framework/web/CClientScript.php(548): CClientScript->getCoreScriptUrl()
#4 /Applications/XAMPP/xamppfiles/htdocs/yii/framework/web/CClientScript.php(349): CClientScript->getPackageBaseUrl('jquery')
#5 /Applications/XAMPP/xamppfiles/htdocs/yii/framework/web/CClientScript.php(208): CClientScript->renderCoreScripts()
#6 /Applications/XAMPP/xamppfiles/htdocs/yii/framework/web/CController.php(351): CClientScript->render('<!DOCTYPE html>...')
#7 /Applications/XAMPP/xamppfiles/htdocs/yii/framework/web/CController.php(788): CController->processOutput('<!DOCTYPE html>...')
#8 /Applications/XAMPP/xamppfiles/htdocs/smadia/protected/controllers/SiteController.php(65): CController->render('index')
#9 /Applications/XAMPP/xamppfiles/htdocs/yii/framework/web/actions/CInlineAction.php(49): SiteController->actionIndex()
#10 /Applications/XAMPP/xamppfiles/htdocs/yii/framework/web/CController.php(308): CInlineAction->runWithParams(Array)
#11 /Applications/XAMPP/xamppfiles/htdocs/yii/framework/web/filters/CFilterChain.php(133): CController->runAction(Object(CInlineAction))
#12 /Applications/XAMPP/xamppfiles/htdocs/yii/framework/web/filters/CFilter.php(40): CFilterChain->run()
#13 /Applications/XAMPP/xamppfiles/htdocs/yii/framework/web/CController.php(1145): CFilter->filter(Object(CFilterChain))
#14 /Applications/XAMPP/xamppfiles/htdocs/yii/framework/web/filters/CInlineFilter.php(58): CController->filterAccessControl(Object(CFilterChain))
#15 /Applications/XAMPP/xamppfiles/htdocs/yii/framework/web/filters/CFilterChain.php(130): CInlineFilter->filter(Object(CFilterChain))
#16 /Applications/XAMPP/xamppfiles/htdocs/yii/framework/web/CController.php(291): CFilterChain->run()
#17 /Applications/XAMPP/xamppfiles/htdocs/yii/framework/web/CController.php(265): CController->runActionWithFilters(Object(CInlineAction), Array)
#18 /Applications/XAMPP/xamppfiles/htdocs/yii/framework/web/CWebApplication.php(282): CController->run('index')
#19 /Applications/XAMPP/xamppfiles/htdocs/yii/framework/web/CWebApplication.php(141): CWebApplication->runController('site/index')
#20 /Applications/XAMPP/xamppfiles/htdocs/yii/framework/base/CApplication.php(184): CWebApplication->processRequest()
#21 /Applications/XAMPP/xamppfiles/htdocs/smadia/index.php(13): CApplication->run()
#22 {main}
REQUEST_URI=/smadia/index.php?r=site/index
HTTP_REFERER=http://localhost/smadia/index.php?r=citas/view&id=8467
---
